<?xml version="1.0" encoding="UTF-8"?>
<!-- Generated by org.testng.reporters.JUnitXMLReporter -->
<testsuite ignored="2" hostname="salimsouidi" failures="0" tests="4" name="Test" time="20.429" errors="0" timestamp="2024-07-21T22:04:38 GMT+01:00">
  <testcase classname="pagestests.RegisterPageTest" name="verifyElementOfRegisterTest" time="3.141"/>
  <testcase classname="pagestests.RegisterPageTest" name="registerPageTest" time="5.46"/>
  <testcase classname="pagestests.LoginPageTest" name="loginPageTest" time="3.435"/>
  <testcase classname="pagestests.AddItemToCartTest" name="addItemTest" time="4.422"/>
  <testcase classname="setup.BaseTest" name="@BeforeTest setUp" time="0.0">
    <ignored/>
  </testcase> <!-- @BeforeTest setUp -->
  <testcase classname="setup.BaseTest" name="@BeforeTest setUp" time="0.0">
    <ignored/>
  </testcase> <!-- @BeforeTest setUp -->
</testsuite> <!-- Test -->
