<?xml version="1.0" encoding="UTF-8"?>
<testng-results ignored="0" total="2" passed="2" failed="0" skipped="0">
  <reporter-output>
  </reporter-output>
  <suite started-at="2024-07-10T22:02:42 GMT+01:00" name="Suite" finished-at="2024-07-10T22:02:53 GMT+01:00" duration-ms="11282">
    <groups>
    </groups>
    <test started-at="2024-07-10T22:02:42 GMT+01:00" name="Test" finished-at="2024-07-10T22:02:53 GMT+01:00" duration-ms="11282">
      <class name="pagestests.ErrorRegisterTest">
        <test-method is-config="true" signature="setUp()[pri:0, instance:pagestests.ErrorRegisterTest@192d43ce]" started-at="2024-07-10T22:02:49 GMT+01:00" name="setUp" finished-at="2024-07-10T22:02:52 GMT+01:00" duration-ms="2666" status="PASS">
          <reporter-output>
          </reporter-output>
        </test-method> <!-- setUp -->
        <test-method signature="errorFirstNameTest()[pri:0, instance:pagestests.ErrorRegisterTest@192d43ce]" started-at="2024-07-10T22:02:52 GMT+01:00" name="errorFirstNameTest" finished-at="2024-07-10T22:02:53 GMT+01:00" duration-ms="1276" status="PASS">
          <reporter-output>
          </reporter-output>
        </test-method> <!-- errorFirstNameTest -->
        <test-method is-config="true" signature="tearDown()[pri:0, instance:pagestests.ErrorRegisterTest@192d43ce]" started-at="2024-07-10T22:02:53 GMT+01:00" name="tearDown" finished-at="2024-07-10T22:02:53 GMT+01:00" duration-ms="221" status="PASS">
          <reporter-output>
          </reporter-output>
        </test-method> <!-- tearDown -->
      </class> <!-- pagestests.ErrorRegisterTest -->
      <class name="pagestests.RegisterPageTest">
        <test-method is-config="true" signature="setUp()[pri:0, instance:pagestests.RegisterPageTest@20ce78ec]" started-at="2024-07-10T22:02:42 GMT+01:00" name="setUp" finished-at="2024-07-10T22:02:45 GMT+01:00" duration-ms="3340" status="PASS">
          <reporter-output>
          </reporter-output>
        </test-method> <!-- setUp -->
        <test-method signature="registerPageTest()[pri:0, instance:pagestests.RegisterPageTest@20ce78ec]" started-at="2024-07-10T22:02:45 GMT+01:00" name="registerPageTest" finished-at="2024-07-10T22:02:49 GMT+01:00" duration-ms="3481" status="PASS">
          <reporter-output>
          </reporter-output>
        </test-method> <!-- registerPageTest -->
        <test-method is-config="true" signature="tearDown()[pri:0, instance:pagestests.RegisterPageTest@20ce78ec]" started-at="2024-07-10T22:02:49 GMT+01:00" name="tearDown" finished-at="2024-07-10T22:02:49 GMT+01:00" duration-ms="249" status="PASS">
          <reporter-output>
          </reporter-output>
        </test-method> <!-- tearDown -->
      </class> <!-- pagestests.RegisterPageTest -->
    </test> <!-- Test -->
  </suite> <!-- Suite -->
</testng-results>
