<?xml version="1.0" encoding="UTF-8"?>
<testng-results ignored="0" total="2" passed="2" failed="0" skipped="0">
  <reporter-output>
  </reporter-output>
  <suite started-at="2024-07-17T21:53:56 GMT+01:00" name="Suite" finished-at="2024-07-17T21:54:08 GMT+01:00" duration-ms="12411">
    <groups>
    </groups>
    <test started-at="2024-07-17T21:53:56 GMT+01:00" name="Test" finished-at="2024-07-17T21:54:08 GMT+01:00" duration-ms="12411">
      <class name="pagestests.RegisterPageTest">
        <test-method is-config="true" signature="setUp()[pri:0, instance:pagestests.RegisterPageTest@1d9b7cce]" started-at="2024-07-17T21:53:56 GMT+01:00" name="setUp" finished-at="2024-07-17T21:53:59 GMT+01:00" duration-ms="3258" status="PASS">
          <reporter-output>
          </reporter-output>
        </test-method> <!-- setUp -->
        <test-method signature="registerPageTest(java.lang.String,java.lang.String,java.lang.String,java.lang.String,java.lang.String,java.lang.String,java.lang.String,java.lang.String,java.lang.String)[pri:0, instance:pagestests.RegisterPageTest@1d9b7cce]" started-at="2024-07-17T21:53:59 GMT+01:00" name="registerPageTest" data-provider="csvData" finished-at="2024-07-17T21:54:03 GMT+01:00" duration-ms="3781" status="PASS">
          <params>
            <param index="0">
              <value>
                <![CDATA[test]]>
              </value>
            </param>
            <param index="1">
              <value>
                <![CDATA[test]]>
              </value>
            </param>
            <param index="2">
              <value>
                <![CDATA[10]]>
              </value>
            </param>
            <param index="3">
              <value>
                <![CDATA[April]]>
              </value>
            </param>
            <param index="4">
              <value>
                <![CDATA[2022]]>
              </value>
            </param>
            <param index="5">
              <value>
                <![CDATA[test4@gmail.com]]>
              </value>
            </param>
            <param index="6">
              <value>
                <![CDATA[QA]]>
              </value>
            </param>
            <param index="7">
              <value>
                <![CDATA[1234M???87]]>
              </value>
            </param>
            <param index="8">
              <value>
                <![CDATA[1234M???87]]>
              </value>
            </param>
          </params>
          <reporter-output>
          </reporter-output>
        </test-method> <!-- registerPageTest -->
        <test-method is-config="true" signature="tearDown()[pri:0, instance:pagestests.RegisterPageTest@1d9b7cce]" started-at="2024-07-17T21:54:03 GMT+01:00" name="tearDown" finished-at="2024-07-17T21:54:03 GMT+01:00" duration-ms="211" status="PASS">
          <reporter-output>
          </reporter-output>
        </test-method> <!-- tearDown -->
      </class> <!-- pagestests.RegisterPageTest -->
      <class name="pagestests.LoginPageTest">
        <test-method is-config="true" signature="setUp()[pri:0, instance:pagestests.LoginPageTest@62150f9e]" started-at="2024-07-17T21:54:03 GMT+01:00" name="setUp" finished-at="2024-07-17T21:54:06 GMT+01:00" duration-ms="3125" status="PASS">
          <reporter-output>
          </reporter-output>
        </test-method> <!-- setUp -->
        <test-method signature="loginPageTest(java.lang.String,java.lang.String,java.lang.String,java.lang.String,java.lang.String,java.lang.String,java.lang.String,java.lang.String,java.lang.String)[pri:0, instance:pagestests.LoginPageTest@62150f9e]" started-at="2024-07-17T21:54:06 GMT+01:00" name="loginPageTest" data-provider="csvData" finished-at="2024-07-17T21:54:08 GMT+01:00" duration-ms="1772" status="PASS">
          <params>
            <param index="0">
              <value>
                <![CDATA[test]]>
              </value>
            </param>
            <param index="1">
              <value>
                <![CDATA[test]]>
              </value>
            </param>
            <param index="2">
              <value>
                <![CDATA[10]]>
              </value>
            </param>
            <param index="3">
              <value>
                <![CDATA[April]]>
              </value>
            </param>
            <param index="4">
              <value>
                <![CDATA[2022]]>
              </value>
            </param>
            <param index="5">
              <value>
                <![CDATA[test4@gmail.com]]>
              </value>
            </param>
            <param index="6">
              <value>
                <![CDATA[QA]]>
              </value>
            </param>
            <param index="7">
              <value>
                <![CDATA[1234M???87]]>
              </value>
            </param>
            <param index="8">
              <value>
                <![CDATA[1234M???87]]>
              </value>
            </param>
          </params>
          <reporter-output>
          </reporter-output>
        </test-method> <!-- loginPageTest -->
        <test-method is-config="true" signature="tearDown()[pri:0, instance:pagestests.LoginPageTest@62150f9e]" started-at="2024-07-17T21:54:08 GMT+01:00" name="tearDown" finished-at="2024-07-17T21:54:08 GMT+01:00" duration-ms="194" status="PASS">
          <reporter-output>
          </reporter-output>
        </test-method> <!-- tearDown -->
      </class> <!-- pagestests.LoginPageTest -->
    </test> <!-- Test -->
  </suite> <!-- Suite -->
</testng-results>
